22:08:40 **** Incremental Build of configuration Debug for project firstpr ****
make all 
Building file: ../main.c
Invoking: AVR Compiler
avr-gcc -Wall -g2 -gstabs -O0 -fpack-struct -fshort-enums -ffunction-sections -fdata-sections -std=gnu99 -funsigned-char -funsigned-bitfields -mmcu=atmega32 -DF_CPU=8000000UL -MMD -MP -MF"main.d" -MT"main.o" -c -o "main.o" "../main.c"
In file included from ../main.c:9:
c:/imt_sdk_win_64/winavr/lib/gcc/../../avr/include/util/delay.h:90:3: warning: #warning "Compiler optimizations disabled; functions from <util/delay.h> won't work as designed"
Finished building: ../main.c
 
Building target: firstpr.elf
Invoking: AVR C Linker
avr-gcc -Wl,-Map,firstpr.map -mmcu=atmega32 -o "firstpr.elf"  ./main.o   
Finished building target: firstpr.elf
 
Invoking: AVR Create Extended Listing
avr-objdump -h -S firstpr.elf  >"firstpr.lss"
Finished building: firstpr.lss
 
Create Flash image (ihex format)
avr-objcopy -R .eeprom -R .fuse -R .lock -R .signature -O ihex firstpr.elf  "firstpr.hex"
Finished building: firstpr.hex
 
Invoking: Print Size
avr-size --format=avr --mcu=atmega32 firstpr.elf
AVR Memory Usage
----------------
Device: atmega32

Program:    3500 bytes (10.7% Full)
(.text + .data + .bootloader)

Data:          8 bytes (0.4% Full)
(.data + .bss + .noinit)


Finished building: sizedummy
 

22:08:41 Build Finished (took 1s.78ms)

